[INFO ] 2025-07-18 02:49:33.179 [main] Magenato Store - url opened
[INFO ] 2025-07-18 02:49:33.198 [main] Magenato Store - *** Test Case: Sign Up With mismatched password  ***
[INFO ] 2025-07-18 02:49:33.322 [main] Magenato Store - Clicked on 'Create an Account'
[INFO ] 2025-07-18 02:49:36.783 [main] Magenato Store - Entered First Name
[INFO ] 2025-07-18 02:49:36.864 [main] Magenato Store - Entered Last Name
[INFO ] 2025-07-18 02:49:36.997 [main] Magenato Store - Entered Invalid Email
[INFO ] 2025-07-18 02:49:37.111 [main] Magenato Store - Entered Password
[INFO ] 2025-07-18 02:49:37.308 [main] Magenato Store - Entered Confirm Password
[INFO ] 2025-07-18 02:49:37.421 [main] Magenato Store - Clicked on 'Create Account'
[INFO ] 2025-07-18 02:49:37.468 [main] Magenato Store - signUpWithMismatchedPassword - Passed
[INFO ] 2025-07-18 02:49:59.997 [main] Magenato Store - url opened
[INFO ] 2025-07-18 02:50:00.011 [main] Magenato Store - *** Test Case: Sign Up With mismatched password  ***
[INFO ] 2025-07-18 02:50:02.330 [main] Magenato Store - Clicked on 'Create an Account'
[INFO ] 2025-07-18 02:50:02.553 [main] Magenato Store - Entered First Name
[INFO ] 2025-07-18 02:50:02.677 [main] Magenato Store - Entered Last Name
[INFO ] 2025-07-18 02:50:02.778 [main] Magenato Store - Entered Invalid Email
[INFO ] 2025-07-18 02:50:02.945 [main] Magenato Store - Entered Password
[INFO ] 2025-07-18 02:50:03.088 [main] Magenato Store - Entered Confirm Password
[INFO ] 2025-07-18 02:50:03.221 [main] Magenato Store - Clicked on 'Create Account'
[ERROR] 2025-07-18 02:50:03.259 [main] Magenato Store - signUpWithMismatchedPassword - Failed
[ERROR] 2025-07-18 02:50:03.259 [main] Magenato Store - Expected: Please enter the same value agai
[ERROR] 2025-07-18 02:50:03.260 [main] Magenato Store - Actual: Please enter the same value again.
[INFO ] 2025-07-18 03:02:21.657 [main] Magenato Store - url opened
[INFO ] 2025-07-18 03:02:21.672 [main] Magenato Store - Verify login with valid credentials 
[INFO ] 2025-07-18 03:02:22.902 [main] Magenato Store - Clicked on signin 
[INFO ] 2025-07-18 03:11:44.288 [main] Magenato Store - url opened
[INFO ] 2025-07-18 03:11:44.303 [main] Magenato Store - Verify login with valid credentials 
[INFO ] 2025-07-18 03:11:47.011 [main] Magenato Store - Clicked on signin 
[INFO ] 2025-07-18 03:11:47.235 [main] Magenato Store - Entered Email  
[INFO ] 2025-07-18 03:11:47.345 [main] Magenato Store - Entered Password   
[INFO ] 2025-07-18 03:11:50.151 [main] Magenato Store - Clicked on SignIn
[INFO ] 2025-07-18 03:22:19.030 [main] Magenato Store - url opened
[INFO ] 2025-07-18 03:22:19.046 [main] Magenato Store - Verify login with valid credentials 
[INFO ] 2025-07-18 03:22:20.320 [main] Magenato Store - Clicked on signin 
[INFO ] 2025-07-18 03:22:20.526 [main] Magenato Store - Entered Email  
[INFO ] 2025-07-18 03:22:20.614 [main] Magenato Store - Entered Password   
[INFO ] 2025-07-18 03:22:23.939 [main] Magenato Store - Clicked on SignIn
[INFO ] 2025-07-18 03:22:23.968 [main] Magenato Store - LogIn - Passed
[INFO ] 2025-07-18 03:23:03.784 [main] Magenato Store - url opened
[INFO ] 2025-07-18 03:23:03.796 [main] Magenato Store - Verify login with valid credentials 
[INFO ] 2025-07-18 03:23:05.189 [main] Magenato Store - Clicked on signin 
[INFO ] 2025-07-18 03:23:05.404 [main] Magenato Store - Entered Email  
[INFO ] 2025-07-18 03:23:05.487 [main] Magenato Store - Entered Password   
[INFO ] 2025-07-18 03:23:08.356 [main] Magenato Store - Clicked on SignIn
[ERROR] 2025-07-18 03:23:08.385 [main] Magenato Store - Login - Failed
[ERROR] 2025-07-18 03:23:08.385 [main] Magenato Store - Expected: Home Pag
[ERROR] 2025-07-18 03:23:08.385 [main] Magenato Store - Actual: Home Page
[INFO ] 2025-07-18 03:29:14.356 [main] Magenato Store - url opened
[INFO ] 2025-07-18 03:29:14.379 [main] Magenato Store - *** Test Case: Sign-up with Exist email started ***
[INFO ] 2025-07-18 03:29:15.421 [main] Magenato Store - Clicked on 'Create an Account'
[INFO ] 2025-07-18 03:29:15.540 [main] Magenato Store - Entered first name
[INFO ] 2025-07-18 03:29:15.712 [main] Magenato Store - Entered last name
[INFO ] 2025-07-18 03:29:15.851 [main] Magenato Store - Entered email
[INFO ] 2025-07-18 03:29:15.989 [main] Magenato Store - Entered password
[INFO ] 2025-07-18 03:29:16.116 [main] Magenato Store - Entered confirm password
[INFO ] 2025-07-18 03:29:18.415 [main] Magenato Store - Clicked on 'Create Account'
[INFO ] 2025-07-18 03:29:18.440 [main] Magenato Store - *** Test Case: Sign-up with exsit email completed successfully ***
[INFO ] 2025-07-18 03:29:22.285 [main] Magenato Store - url opened
[INFO ] 2025-07-18 03:29:22.287 [main] Magenato Store - Verify login with valid credentials 
[INFO ] 2025-07-18 03:29:25.008 [main] Magenato Store - Clicked on signin 
[INFO ] 2025-07-18 03:29:25.252 [main] Magenato Store - Entered Email  
[INFO ] 2025-07-18 03:29:25.342 [main] Magenato Store - Entered Password   
[INFO ] 2025-07-18 03:29:28.155 [main] Magenato Store - Clicked on SignIn
[INFO ] 2025-07-18 03:29:28.184 [main] Magenato Store - LogIn - Passed
[INFO ] 2025-07-18 03:52:40.563 [main] Magenato Store - url opened
[INFO ] 2025-07-18 03:52:40.578 [main] Magenato Store - Verify login with valid Email and Invalid password 
[INFO ] 2025-07-18 03:52:41.927 [main] Magenato Store - Clicked on signin 
[INFO ] 2025-07-18 03:52:42.158 [main] Magenato Store - Entered Email  
[INFO ] 2025-07-18 03:52:42.236 [main] Magenato Store - Entered Password   
[INFO ] 2025-07-18 03:52:44.125 [main] Magenato Store - Clicked on SignIn
[INFO ] 2025-07-18 03:52:44.148 [main] Magenato Store - loginWithValidEmailAndInvalidPassword - Passed
[INFO ] 2025-07-18 03:54:28.575 [main] Magenato Store - url opened
[INFO ] 2025-07-18 03:54:28.592 [main] Magenato Store - Verify login with valid Email and Invalid password 
[INFO ] 2025-07-18 03:54:30.022 [main] Magenato Store - Clicked on signin 
[INFO ] 2025-07-18 03:54:30.324 [main] Magenato Store - Entered Email  
[INFO ] 2025-07-18 03:54:30.422 [main] Magenato Store - Entered Password   
[INFO ] 2025-07-18 03:54:30.493 [main] Magenato Store - Clicked on SignIn
[ERROR] 2025-07-18 03:54:34.675 [main] Magenato Store - loginWithValidEmailAndInvalidPassword - Failed
[ERROR] 2025-07-18 03:54:34.675 [main] Magenato Store - Expected: account sign-in was incorrect or your account is disabled temporarily. Please wait and try again later.
[ERROR] 2025-07-18 03:54:34.675 [main] Magenato Store - Actual: The account sign-in was incorrect or your account is disabled temporarily. Please wait and try again later.
[INFO ] 2025-07-18 04:08:27.477 [main] Magenato Store - url opened
[INFO ] 2025-07-18 04:08:27.493 [main] Magenato Store - Verify login with Invalid Email and valid password 
[INFO ] 2025-07-18 04:08:30.300 [main] Magenato Store - Clicked on signin 
[INFO ] 2025-07-18 04:08:30.496 [main] Magenato Store - Entered Email  
[INFO ] 2025-07-18 04:08:30.588 [main] Magenato Store - Entered Password   
[INFO ] 2025-07-18 04:08:30.644 [main] Magenato Store - Clicked on SignIn
[INFO ] 2025-07-18 04:08:30.673 [main] Magenato Store - verifyLoginWithInvalidEmailAndValidPassword - Passed
[INFO ] 2025-07-18 04:17:12.387 [main] Magenato Store - url opened
[INFO ] 2025-07-18 04:17:12.412 [main] Magenato Store - Verify login with Invalid Email and Invalid password 
[INFO ] 2025-07-18 04:17:13.596 [main] Magenato Store - Clicked on signin 
[INFO ] 2025-07-18 04:17:13.796 [main] Magenato Store - Entered Email  
[INFO ] 2025-07-18 04:17:13.870 [main] Magenato Store - Entered Password   
[INFO ] 2025-07-18 04:17:13.937 [main] Magenato Store - Clicked on SignIn
[INFO ] 2025-07-18 04:18:00.840 [main] Magenato Store - url opened
[INFO ] 2025-07-18 04:18:00.865 [main] Magenato Store - Verify login with Invalid Email and Invalid password 
[INFO ] 2025-07-18 04:18:02.641 [main] Magenato Store - Clicked on signin 
[INFO ] 2025-07-18 04:18:02.762 [main] Magenato Store - Entered Email  
[INFO ] 2025-07-18 04:18:02.842 [main] Magenato Store - Entered Password   
[INFO ] 2025-07-18 04:18:04.777 [main] Magenato Store - Clicked on SignIn
[INFO ] 2025-07-18 04:18:04.802 [main] Magenato Store - VerifyLoginInvalidEmailAndInvalidPassword - Passed
[INFO ] 2025-07-18 04:18:21.107 [main] Magenato Store - url opened
[INFO ] 2025-07-18 04:18:21.119 [main] Magenato Store - Verify login with Invalid Email and Invalid password 
[INFO ] 2025-07-18 04:18:23.820 [main] Magenato Store - Clicked on signin 
[INFO ] 2025-07-18 04:18:23.921 [main] Magenato Store - Entered Email  
[INFO ] 2025-07-18 04:18:24.038 [main] Magenato Store - Entered Password   
[INFO ] 2025-07-18 04:18:26.245 [main] Magenato Store - Clicked on SignIn
[ERROR] 2025-07-18 04:18:26.267 [main] Magenato Store - VerifyLoginInvalidEmailAndInvalidPassword - Failed
[ERROR] 2025-07-18 04:18:26.267 [main] Magenato Store - Expected: Th account sign-in was incorrect or your account is disabled temporarily. Please wait and try again later.
[ERROR] 2025-07-18 04:18:26.267 [main] Magenato Store - Actual: The account sign-in was incorrect or your account is disabled temporarily. Please wait and try again later.
[INFO ] 2025-07-18 04:27:56.263 [main] Magenato Store - url opened
[INFO ] 2025-07-18 04:27:56.277 [main] Magenato Store - Verify login with Unregister Email
[INFO ] 2025-07-18 04:27:57.544 [main] Magenato Store - Clicked on signin 
[INFO ] 2025-07-18 04:27:57.735 [main] Magenato Store - Entered Email  
[INFO ] 2025-07-18 04:27:57.811 [main] Magenato Store - Entered Password   
[INFO ] 2025-07-18 04:28:02.072 [main] Magenato Store - Clicked on SignIn
[INFO ] 2025-07-18 04:28:02.094 [main] Magenato Store - VerifyWithUnregisterEmail - Passed
[INFO ] 2025-07-18 04:36:31.911 [main] Magenato Store - url opened
[INFO ] 2025-07-18 04:36:31.927 [main] Magenato Store - Verify login with blank Email and password
[INFO ] 2025-07-18 04:36:34.534 [main] Magenato Store - Clicked on signin 
[INFO ] 2025-07-18 04:36:34.733 [main] Magenato Store - Entered Email  
[INFO ] 2025-07-18 04:36:34.854 [main] Magenato Store - Entered Password   
[INFO ] 2025-07-18 04:36:34.942 [main] Magenato Store - Clicked on SignIn
[INFO ] 2025-07-18 04:36:34.977 [main] Magenato Store - VerifyLoginWithBlankEmailAndPassword - Passed
[INFO ] 2025-07-18 04:53:23.841 [main] Magenato Store - url opened
[INFO ] 2025-07-18 04:53:23.855 [main] Magenato Store - Verify login with  Email field invalid format
[INFO ] 2025-07-18 04:53:24.953 [main] Magenato Store - Clicked on signin 
[INFO ] 2025-07-18 04:53:25.169 [main] Magenato Store - Entered Email  
[INFO ] 2025-07-18 04:53:25.262 [main] Magenato Store - Entered Password   
[INFO ] 2025-07-18 04:53:25.324 [main] Magenato Store - Clicked on SignIn
[INFO ] 2025-07-18 04:53:25.392 [main] Magenato Store - VerifyLogEmailFiledInvalidFormat - Passed
[INFO ] 2025-07-18 05:04:51.236 [main] Magenato Store - url opened
[INFO ] 2025-07-18 05:04:51.256 [main] Magenato Store - Verify Sign out  After login 
[INFO ] 2025-07-18 05:04:53.838 [main] Magenato Store - Clicked on signin 
[INFO ] 2025-07-18 05:04:54.072 [main] Magenato Store - Entered Email  
[INFO ] 2025-07-18 05:04:54.184 [main] Magenato Store - Entered Password   
[INFO ] 2025-07-18 05:04:57.610 [main] Magenato Store - Clicked on SignIn
[INFO ] 2025-07-18 05:04:57.657 [main] Magenato Store - Clicked on Arrow icon 
[INFO ] 2025-07-18 05:05:00.353 [main] Magenato Store - Clicked on Sign out
[INFO ] 2025-07-18 05:05:42.154 [main] Magenato Store - url opened
[INFO ] 2025-07-18 05:05:42.175 [main] Magenato Store - Verify Sign out  After login 
[INFO ] 2025-07-18 05:05:44.917 [main] Magenato Store - Clicked on signin 
[INFO ] 2025-07-18 05:05:45.118 [main] Magenato Store - Entered Email  
[INFO ] 2025-07-18 05:05:45.204 [main] Magenato Store - Entered Password   
[INFO ] 2025-07-18 05:05:45.257 [main] Magenato Store - Clicked on SignIn
[INFO ] 2025-07-18 05:05:47.366 [main] Magenato Store - Clicked on Arrow icon 
[INFO ] 2025-07-18 05:05:47.576 [main] Magenato Store - Clicked on Sign out
[INFO ] 2025-07-18 05:06:12.888 [main] Magenato Store - url opened
[INFO ] 2025-07-18 05:06:12.904 [main] Magenato Store - Verify Sign out  After login 
[INFO ] 2025-07-18 05:06:14.213 [main] Magenato Store - Clicked on signin 
[INFO ] 2025-07-18 05:06:14.450 [main] Magenato Store - Entered Email  
[INFO ] 2025-07-18 05:06:14.535 [main] Magenato Store - Entered Password   
[INFO ] 2025-07-18 05:06:16.768 [main] Magenato Store - Clicked on SignIn
[INFO ] 2025-07-18 05:06:16.880 [main] Magenato Store - Clicked on Arrow icon 
[INFO ] 2025-07-18 05:06:19.098 [main] Magenato Store - Clicked on Sign out
[INFO ] 2025-07-18 05:18:10.938 [main] Magenato Store - url opened
[INFO ] 2025-07-18 05:18:10.953 [main] Magenato Store - Verify Sign out  After login 
[INFO ] 2025-07-18 05:18:13.506 [main] Magenato Store - Clicked on signin 
[INFO ] 2025-07-18 05:18:13.689 [main] Magenato Store - Entered Email  
[INFO ] 2025-07-18 05:18:13.798 [main] Magenato Store - Entered Password   
[INFO ] 2025-07-18 05:18:17.387 [main] Magenato Store - Clicked on SignIn
[INFO ] 2025-07-18 05:18:17.445 [main] Magenato Store - Clicked on Arrow icon 
[INFO ] 2025-07-18 05:18:17.564 [main] Magenato Store - Clicked on Sign out
[INFO ] 2025-07-18 05:32:13.402 [main] Magenato Store - url opened
[INFO ] 2025-07-18 05:32:13.423 [main] Magenato Store - Verify Sign out  After login 
[INFO ] 2025-07-18 05:32:15.412 [main] Magenato Store - Clicked on signin 
[INFO ] 2025-07-18 05:32:15.752 [main] Magenato Store - Entered Email  
[INFO ] 2025-07-18 05:32:15.886 [main] Magenato Store - Entered Password   
[INFO ] 2025-07-18 05:32:18.597 [main] Magenato Store - Clicked on SignIn
[INFO ] 2025-07-18 05:32:18.714 [main] Magenato Store - Clicked on Arrow icon 
[INFO ] 2025-07-18 05:32:18.900 [main] Magenato Store - Clicked on Sign out
[INFO ] 2025-07-18 05:32:21.658 [main] Magenato Store - Signout - Passed
[INFO ] 2025-07-18 11:10:33.057 [main] Magenato Store - url opened
[INFO ] 2025-07-18 11:10:33.095 [main] Magenato Store - Starting test: Sign out from multiple tabs
[INFO ] 2025-07-18 11:10:35.177 [main] Magenato Store - Logged in successfully
[INFO ] 2025-07-18 11:10:38.704 [main] Magenato Store - Opened account page in new tab
[INFO ] 2025-07-18 11:10:40.676 [main] Magenato Store - Signed out in first tab
[INFO ] 2025-07-18 11:10:42.678 [main] Magenato Store - Refreshed second tab
[INFO ] 2025-07-18 11:12:01.122 [main] Magenato Store - url opened
[INFO ] 2025-07-18 11:12:01.141 [main] Magenato Store - Starting test: Sign out from multiple tabs
[INFO ] 2025-07-18 11:12:07.411 [main] Magenato Store - Logged in successfully
[INFO ] 2025-07-18 11:12:09.031 [main] Magenato Store - Opened account page in new tab
[INFO ] 2025-07-18 11:12:23.083 [main] Magenato Store - url opened
[INFO ] 2025-07-18 11:12:23.100 [main] Magenato Store - Starting test: Sign out from multiple tabs
[INFO ] 2025-07-18 11:12:27.326 [main] Magenato Store - Logged in successfully
[INFO ] 2025-07-18 11:12:28.954 [main] Magenato Store - Opened account page in new tab
[INFO ] 2025-07-18 11:12:31.007 [main] Magenato Store - Signed out in first tab
[INFO ] 2025-07-18 11:12:33.324 [main] Magenato Store - Refreshed second tab
[INFO ] 2025-07-18 11:15:05.244 [main] Magenato Store - url opened
[INFO ] 2025-07-18 11:15:05.284 [main] Magenato Store - Starting test: Sign out from multiple tabs
[INFO ] 2025-07-18 11:15:10.440 [main] Magenato Store - Logged in successfully
[INFO ] 2025-07-18 11:15:24.851 [main] Magenato Store - Opened account page in new tab
[INFO ] 2025-07-18 11:15:27.347 [main] Magenato Store - Signed out in first tab
[INFO ] 2025-07-18 11:15:30.413 [main] Magenato Store - Refreshed second tab
[INFO ] 2025-07-18 11:15:43.067 [main] Magenato Store - url opened
[INFO ] 2025-07-18 11:15:43.081 [main] Magenato Store - Starting test: Sign out from multiple tabs
[INFO ] 2025-07-18 11:15:48.967 [main] Magenato Store - Logged in successfully
[INFO ] 2025-07-18 11:15:52.178 [main] Magenato Store - Opened account page in new tab
[INFO ] 2025-07-18 11:16:08.805 [main] Magenato Store - url opened
[INFO ] 2025-07-18 11:16:08.817 [main] Magenato Store - Starting test: Sign out from multiple tabs
[INFO ] 2025-07-18 11:16:13.015 [main] Magenato Store - Logged in successfully
[INFO ] 2025-07-18 11:16:15.282 [main] Magenato Store - Opened account page in new tab
[INFO ] 2025-07-18 11:16:17.474 [main] Magenato Store - Signed out in first tab
[INFO ] 2025-07-18 11:16:20.029 [main] Magenato Store - Refreshed second tab
[INFO ] 2025-07-18 11:18:19.879 [main] Magenato Store - url opened
[INFO ] 2025-07-18 11:18:19.902 [main] Magenato Store - Starting test: Sign out from multiple tabs
[INFO ] 2025-07-18 11:18:23.787 [main] Magenato Store - Logged in successfully
[INFO ] 2025-07-18 11:18:25.449 [main] Magenato Store - Opened account page in new tab
[INFO ] 2025-07-18 11:18:28.096 [main] Magenato Store - Signed out in first tab
[INFO ] 2025-07-18 11:18:30.441 [main] Magenato Store - Refreshed second tab
[INFO ] 2025-07-18 11:21:44.304 [main] Magenato Store - url opened
[INFO ] 2025-07-18 11:21:44.319 [main] Magenato Store - Starting test: Sign out from multiple tabs
[INFO ] 2025-07-18 11:21:48.505 [main] Magenato Store - Logged in successfully
[INFO ] 2025-07-18 11:21:50.856 [main] Magenato Store - Opened account page in new tab
[INFO ] 2025-07-18 11:21:53.536 [main] Magenato Store - Signed out in first tab
[INFO ] 2025-07-18 11:21:56.075 [main] Magenato Store - Refreshed second tab
[INFO ] 2025-07-18 11:31:05.238 [main] Magenato Store - url opened
[INFO ] 2025-07-18 11:31:05.277 [main] Magenato Store - Test: Verify Sign Out button visibility started
[INFO ] 2025-07-18 11:31:08.978 [main] Magenato Store - Logged in successfully
[INFO ] 2025-07-18 15:41:33.097 [main] Magenato Store - url opened
[INFO ] 2025-07-18 15:41:33.115 [main] Magenato Store - Starting test: Change password with valid current and new passwords
[INFO ] 2025-07-18 15:41:37.490 [main] Magenato Store - Logged in successfully
[INFO ] 2025-07-18 15:42:26.109 [main] Magenato Store - url opened
[INFO ] 2025-07-18 15:42:26.120 [main] Magenato Store - Starting test: Change password with valid current and new passwords
[INFO ] 2025-07-18 15:42:34.670 [main] Magenato Store - Logged in successfully
[INFO ] 2025-07-18 15:42:34.973 [main] Magenato Store - clcik on  arrow icon button 
[INFO ] 2025-07-18 15:42:35.137 [main] Magenato Store - clcik on  my account 
[INFO ] 2025-07-18 15:42:41.233 [main] Magenato Store - clcik on change password 
[INFO ] 2025-07-18 15:42:41.445 [main] Magenato Store - enter current password 
[INFO ] 2025-07-18 15:42:41.593 [main] Magenato Store - enter new password 
[INFO ] 2025-07-18 15:42:41.664 [main] Magenato Store - enter confirm new  password 
[INFO ] 2025-07-18 15:43:19.152 [main] Magenato Store - url opened
[INFO ] 2025-07-18 15:43:19.166 [main] Magenato Store - Starting test: Change password with valid current and new passwords
[INFO ] 2025-07-18 15:43:21.655 [main] Magenato Store - Logged in successfully
[INFO ] 2025-07-18 15:43:24.561 [main] Magenato Store - clcik on  arrow icon button 
[INFO ] 2025-07-18 15:43:24.722 [main] Magenato Store - clcik on  my account 
[INFO ] 2025-07-18 15:43:31.687 [main] Magenato Store - clcik on change password 
[INFO ] 2025-07-18 15:43:31.930 [main] Magenato Store - enter current password 
[INFO ] 2025-07-18 15:43:32.043 [main] Magenato Store - enter new password 
[INFO ] 2025-07-18 15:43:32.148 [main] Magenato Store - enter confirm new  password 
[INFO ] 2025-07-18 15:43:44.214 [main] Magenato Store - url opened
[INFO ] 2025-07-18 15:43:44.225 [main] Magenato Store - Starting test: Change password with valid current and new passwords
[INFO ] 2025-07-18 15:43:46.779 [main] Magenato Store - Logged in successfully
[INFO ] 2025-07-18 15:43:53.965 [main] Magenato Store - clcik on  arrow icon button 
[INFO ] 2025-07-18 15:43:54.126 [main] Magenato Store - clcik on  my account 
[INFO ] 2025-07-18 15:44:01.997 [main] Magenato Store - clcik on change password 
[INFO ] 2025-07-18 15:44:02.236 [main] Magenato Store - enter current password 
[INFO ] 2025-07-18 15:44:02.399 [main] Magenato Store - enter new password 
[INFO ] 2025-07-18 15:44:02.502 [main] Magenato Store - enter confirm new  password 
[INFO ] 2025-07-18 15:53:09.060 [main] Magenato Store - url opened
[INFO ] 2025-07-18 15:53:09.077 [main] Magenato Store - Starting test: Change password with valid current and new passwords
[INFO ] 2025-07-18 15:53:16.209 [main] Magenato Store - Logged in successfully
[INFO ] 2025-07-18 15:53:54.469 [main] Magenato Store - url opened
[INFO ] 2025-07-18 15:53:54.480 [main] Magenato Store - Starting test: Change password with valid current and new passwords
[INFO ] 2025-07-18 15:54:01.500 [main] Magenato Store - Logged in successfully
[INFO ] 2025-07-18 15:54:01.600 [main] Magenato Store - clcik on  arrow icon button 
[INFO ] 2025-07-18 15:54:01.748 [main] Magenato Store - clcik on  my account 
[INFO ] 2025-07-18 15:54:16.475 [main] Magenato Store - clcik on change password 
[INFO ] 2025-07-18 15:54:16.599 [main] Magenato Store - enter current password 
[INFO ] 2025-07-18 15:54:16.811 [main] Magenato Store - enter new password 
[INFO ] 2025-07-18 15:54:16.884 [main] Magenato Store - enter confirm new  password 
